<?xml version="1.0" encoding="UTF-8" ?>
<testsuite errors="2" failures="0" name="org.openplans.geoserver.gt.catalog.wfs.WFSServiceFactoryTest" tests="2" time="0.35">
  <properties>
[...]
</properties>
  <testcase name="testBeanLoad" time="0.319">
    <error message="No bean named &apos;org.openplans.geoserver.gt.catalog.serviceFinder&apos; is defined: org.springframework.beans.factory.support.DefaultListableBeanFactory defining beans [org.openplans.geoserver.geotools.catalog.wfsServiceFactory]; root of BeanFactory hierarchy" type="org.springframework.beans.factory.NoSuchBeanDefinitionException">org.springframework.beans.factory.NoSuchBeanDefinitionException: No bean named &apos;org.openplans.geoserver.gt.catalog.serviceFinder&apos; is defined: org.springframework.beans.factory.support.DefaultListableBeanFactory defining beans [org.openplans.geoserver.geotools.catalog.wfsServiceFactory]; root of BeanFactory hierarchy
	at org.springframework.beans.factory.support.DefaultListableBeanFactory.getBeanDefinition(DefaultListableBeanFactory.java:349)
	at org.springframework.beans.factory.support.AbstractBeanFactory.getMergedBeanDefinition(AbstractBeanFactory.java:671)
	at org.springframework.beans.factory.support.AbstractBeanFactory.getBean(AbstractBeanFactory.java:198)
	at org.springframework.beans.factory.support.AbstractBeanFactory.getBean(AbstractBeanFactory.java:147)
	at org.springframework.context.support.AbstractApplicationContext.getBean(AbstractApplicationContext.java:553)
	at org.openplans.geoserver.gt.catalog.AbstractServiceFactoryTest.setUp(AbstractServiceFactoryTest.java:38)
	at org.apache.commons.jelly.tags.ant.AntTag.doTag(AntTag.java:185)
	at org.apache.commons.jelly.impl.TagScript.run(TagScript.java:279)
	at org.apache.commons.jelly.impl.ScriptBlock.run(ScriptBlock.java:135)
	at org.apache.commons.jelly.TagSupport.invokeBody(TagSupport.java:233)
	at org.apache.commons.jelly.tags.core.IfTag.doTag(IfTag.java:88)
	at org.apache.commons.jelly.impl.TagScript.run(TagScript.java:279)
	at org.apache.commons.jelly.impl.ScriptBlock.run(ScriptBlock.java:135)
	at org.apache.maven.jelly.tags.werkz.MavenGoalTag.runBodyTag(MavenGoalTag.java:79)
	at org.apache.maven.jelly.tags.werkz.MavenGoalTag$MavenGoalAction.performAction(MavenGoalTag.java:110)
	at com.werken.werkz.Goal.fire(Goal.java:639)
	at com.werken.werkz.Goal.attain(Goal.java:575)
	at com.werken.werkz.Goal.attainPrecursors(Goal.java:488)
	at com.werken.werkz.Goal.attain(Goal.java:573)
	at com.werken.werkz.Goal.attainPrecursors(Goal.java:488)
	at com.werken.werkz.Goal.attain(Goal.java:573)
	at org.apache.maven.plugin.PluginManager.attainGoals(PluginManager.java:671)
	at org.apache.maven.MavenSession.attainGoals(MavenSession.java:263)
	at org.apache.maven.jelly.tags.maven.ReactorTag.doTag(ReactorTag.java:368)
	at org.apache.commons.jelly.impl.TagScript.run(TagScript.java:279)
	at org.apache.commons.jelly.impl.ScriptBlock.run(ScriptBlock.java:135)
	at org.apache.maven.jelly.tags.werkz.MavenGoalTag.runBodyTag(MavenGoalTag.java:79)
	at org.apache.maven.jelly.tags.werkz.MavenGoalTag$MavenGoalAction.performAction(MavenGoalTag.java:110)
	at com.werken.werkz.Goal.fire(Goal.java:639)
	at com.werken.werkz.Goal.attain(Goal.java:575)
	at com.werken.werkz.WerkzProject.attainGoal(WerkzProject.java:193)
	at org.apache.maven.jelly.tags.werkz.MavenAttainGoalTag.doTag(MavenAttainGoalTag.java:127)
	at org.apache.commons.jelly.impl.TagScript.run(TagScript.java:279)
	at org.apache.commons.jelly.impl.ScriptBlock.run(ScriptBlock.java:135)
	at org.apache.maven.jelly.tags.werkz.MavenGoalTag.runBodyTag(MavenGoalTag.java:79)
	at org.apache.maven.jelly.tags.werkz.MavenGoalTag$MavenGoalAction.performAction(MavenGoalTag.java:110)
	at com.werken.werkz.Goal.fire(Goal.java:639)
	at com.werken.werkz.Goal.attain(Goal.java:575)
	at org.apache.maven.plugin.PluginManager.attainGoals(PluginManager.java:671)
	at org.apache.maven.MavenSession.attainGoals(MavenSession.java:263)
	at org.apache.maven.cli.App.doMain(App.java:488)
	at org.apache.maven.cli.App.main(App.java:1239)
	at sun.reflect.NativeMethodAccessorImpl.invoke0(Native Method)
	at sun.reflect.NativeMethodAccessorImpl.invoke(NativeMethodAccessorImpl.java:39)
	at sun.reflect.DelegatingMethodAccessorImpl.invoke(DelegatingMethodAccessorImpl.java:25)
	at com.werken.forehead.Forehead.run(Forehead.java:551)
	at com.werken.forehead.Forehead.main(Forehead.java:581)
</error>
  </testcase>
  <testcase name="testCreateService" time="0.019">
    <error message="No bean named &apos;org.openplans.geoserver.gt.catalog.serviceFinder&apos; is defined: org.springframework.beans.factory.support.DefaultListableBeanFactory defining beans [org.openplans.geoserver.geotools.catalog.wfsServiceFactory]; root of BeanFactory hierarchy" type="org.springframework.beans.factory.NoSuchBeanDefinitionException">org.springframework.beans.factory.NoSuchBeanDefinitionException: No bean named &apos;org.openplans.geoserver.gt.catalog.serviceFinder&apos; is defined: org.springframework.beans.factory.support.DefaultListableBeanFactory defining beans [org.openplans.geoserver.geotools.catalog.wfsServiceFactory]; root of BeanFactory hierarchy
	at org.springframework.beans.factory.support.DefaultListableBeanFactory.getBeanDefinition(DefaultListableBeanFactory.java:349)
	at org.springframework.beans.factory.support.AbstractBeanFactory.getMergedBeanDefinition(AbstractBeanFactory.java:671)
	at org.springframework.beans.factory.support.AbstractBeanFactory.getBean(AbstractBeanFactory.java:198)
	at org.springframework.beans.factory.support.AbstractBeanFactory.getBean(AbstractBeanFactory.java:147)
	at org.springframework.context.support.AbstractApplicationContext.getBean(AbstractApplicationContext.java:553)
	at org.openplans.geoserver.gt.catalog.AbstractServiceFactoryTest.setUp(AbstractServiceFactoryTest.java:38)
	at org.apache.commons.jelly.tags.ant.AntTag.doTag(AntTag.java:185)
	at org.apache.commons.jelly.impl.TagScript.run(TagScript.java:279)
	at org.apache.commons.jelly.impl.ScriptBlock.run(ScriptBlock.java:135)
	at org.apache.commons.jelly.TagSupport.invokeBody(TagSupport.java:233)
	at org.apache.commons.jelly.tags.core.IfTag.doTag(IfTag.java:88)
	at org.apache.commons.jelly.impl.TagScript.run(TagScript.java:279)
	at org.apache.commons.jelly.impl.ScriptBlock.run(ScriptBlock.java:135)
	at org.apache.maven.jelly.tags.werkz.MavenGoalTag.runBodyTag(MavenGoalTag.java:79)
	at org.apache.maven.jelly.tags.werkz.MavenGoalTag$MavenGoalAction.performAction(MavenGoalTag.java:110)
	at com.werken.werkz.Goal.fire(Goal.java:639)
	at com.werken.werkz.Goal.attain(Goal.java:575)
	at com.werken.werkz.Goal.attainPrecursors(Goal.java:488)
	at com.werken.werkz.Goal.attain(Goal.java:573)
	at com.werken.werkz.Goal.attainPrecursors(Goal.java:488)
	at com.werken.werkz.Goal.attain(Goal.java:573)
	at org.apache.maven.plugin.PluginManager.attainGoals(PluginManager.java:671)
	at org.apache.maven.MavenSession.attainGoals(MavenSession.java:263)
	at org.apache.maven.jelly.tags.maven.ReactorTag.doTag(ReactorTag.java:368)
	at org.apache.commons.jelly.impl.TagScript.run(TagScript.java:279)
	at org.apache.commons.jelly.impl.ScriptBlock.run(ScriptBlock.java:135)
	at org.apache.maven.jelly.tags.werkz.MavenGoalTag.runBodyTag(MavenGoalTag.java:79)
	at org.apache.maven.jelly.tags.werkz.MavenGoalTag$MavenGoalAction.performAction(MavenGoalTag.java:110)
	at com.werken.werkz.Goal.fire(Goal.java:639)
	at com.werken.werkz.Goal.attain(Goal.java:575)
	at com.werken.werkz.WerkzProject.attainGoal(WerkzProject.java:193)
	at org.apache.maven.jelly.tags.werkz.MavenAttainGoalTag.doTag(MavenAttainGoalTag.java:127)
	at org.apache.commons.jelly.impl.TagScript.run(TagScript.java:279)
	at org.apache.commons.jelly.impl.ScriptBlock.run(ScriptBlock.java:135)
	at org.apache.maven.jelly.tags.werkz.MavenGoalTag.runBodyTag(MavenGoalTag.java:79)
	at org.apache.maven.jelly.tags.werkz.MavenGoalTag$MavenGoalAction.performAction(MavenGoalTag.java:110)
	at com.werken.werkz.Goal.fire(Goal.java:639)
	at com.werken.werkz.Goal.attain(Goal.java:575)
	at org.apache.maven.plugin.PluginManager.attainGoals(PluginManager.java:671)
	at org.apache.maven.MavenSession.attainGoals(MavenSession.java:263)
	at org.apache.maven.cli.App.doMain(App.java:488)
	at org.apache.maven.cli.App.main(App.java:1239)
	at sun.reflect.NativeMethodAccessorImpl.invoke0(Native Method)
	at sun.reflect.NativeMethodAccessorImpl.invoke(NativeMethodAccessorImpl.java:39)
	at sun.reflect.DelegatingMethodAccessorImpl.invoke(DelegatingMethodAccessorImpl.java:25)
	at com.werken.forehead.Forehead.run(Forehead.java:551)
	at com.werken.forehead.Forehead.main(Forehead.java:581)
</error>
  </testcase>
  <system-out><![CDATA[]]></system-out>
  <system-err><![CDATA[]]></system-err>
</testsuite>
